<?xml version="1.0" encoding="UTF-8"?>
<!-- Generated by org.testng.reporters.JUnitReportReporter -->
<testsuite hostname="DESKTOP-J9VHH93" failures="0" tests="1" name="testCases.TC002_LoginTest" time="2.184" errors="0" timestamp="2025-06-24T13:07:46 IST" skipped="0">
  <testcase classname="testCases.TC002_LoginTest" name="verify_Login" time="2.184"/>
  <system-out/>
</testsuite> <!-- testCases.TC002_LoginTest -->
