<?xml version="1.0" encoding="UTF-8"?>
<!-- Generated by org.testng.reporters.JUnitReportReporter -->
<testsuite hostname="DESKTOP-J9VHH93" failures="0" tests="1" name="testCases.TC001_AccountRegistrationTest" time="3.769" errors="0" timestamp="2025-06-24T13:07:46 IST" skipped="0">
  <testcase classname="testCases.TC001_AccountRegistrationTest" name="verify_account_registration" time="3.769"/>
  <system-out/>
</testsuite> <!-- testCases.TC001_AccountRegistrationTest -->
