<?xml version="1.0" encoding="UTF-8"?>
<!-- Generated by org.testng.reporters.JUnitReportReporter -->
<testsuite hostname="DESKTOP-J9VHH93" failures="0" tests="1" name="testCases.TC001_AccountRegistrationTest" time="2.731" errors="0" timestamp="2025-06-24T13:17:38 IST" skipped="0">
  <testcase classname="testCases.TC001_AccountRegistrationTest" name="verify_account_registration" time="2.731"/>
  <system-out/>
</testsuite> <!-- testCases.TC001_AccountRegistrationTest -->
